2021-06-14 18:05:07 INFO  .:69 - The execution of method loadFiles started here ...
2021-06-14 18:05:07 INFO  .:84 - The execution of method loadFiles ended here ...
2021-06-14 18:05:11 INFO  .:86 - The execution of method navigate started here ...
2021-06-14 18:05:19 INFO  .:98 - The execution of method navigate ended here ...
2021-06-14 18:05:19 INFO  .:166 - In Test Scenario Login the method navigate execution status is :Pass
2021-06-14 18:05:19 INFO  .:32 - The execution of method login started here ...
2021-06-14 18:05:24 INFO  .:50 - The execution of method login ended here ...
2021-06-14 18:05:24 INFO  .:166 - In Test Scenario Login the method login execution status is :Pass
2021-06-14 18:05:26 INFO  .:166 - In Test Scenario Login the method minimizeFlyOutWindow execution status is :Pass
2021-06-14 18:05:27 INFO  .:76 - The execution of method logout started here ...
2021-06-14 18:05:31 INFO  .:88 - The execution of method logout ended here ...
2021-06-14 18:05:31 INFO  .:166 - In Test Scenario Login the method logout execution status is :Pass
2021-06-14 18:05:31 INFO  .:121 - The execution of method closeApplication started here ...
2021-06-14 18:05:31 INFO  .:124 - The execution of method closeApplication ended here ...
2021-06-14 18:05:31 INFO  .:166 - In Test Scenario Login the method closeApplication execution status is :Pass
2021-06-14 18:05:31 INFO  .:180 - +++++++++++++++++++++++++++++++
2021-06-14 18:05:33 INFO  .:86 - The execution of method navigate started here ...
2021-06-14 18:05:40 INFO  .:98 - The execution of method navigate ended here ...
2021-06-14 18:05:40 INFO  .:166 - In Test Scenario CreateUser the method navigate execution status is :Pass
2021-06-14 18:05:41 INFO  .:32 - The execution of method login started here ...
2021-06-14 18:05:46 INFO  .:50 - The execution of method login ended here ...
2021-06-14 18:05:46 INFO  .:166 - In Test Scenario CreateUser the method login execution status is :Pass
2021-06-14 18:05:48 INFO  .:166 - In Test Scenario CreateUser the method minimizeFlyOutWindow execution status is :Pass
2021-06-14 18:05:48 INFO  .:32 - The execution of method createUser started here ...
2021-06-14 18:05:59 INFO  .:60 - The execution of method createUser ended here ...
2021-06-14 18:05:59 INFO  .:166 - In Test Scenario CreateUser the method createUser execution status is :Pass
2021-06-14 18:05:59 INFO  .:131 - The execution of method deleteUser started here ...
2021-06-14 18:06:08 INFO  .:147 - The execution of method deleteUser ended here ...
2021-06-14 18:06:08 INFO  .:166 - In Test Scenario CreateUser the method deleteUser execution status is :Pass
2021-06-14 18:06:08 INFO  .:76 - The execution of method logout started here ...
2021-06-14 18:06:13 INFO  .:88 - The execution of method logout ended here ...
2021-06-14 18:06:13 INFO  .:166 - In Test Scenario CreateUser the method logout execution status is :Pass
2021-06-14 18:06:13 INFO  .:121 - The execution of method closeApplication started here ...
2021-06-14 18:06:13 INFO  .:124 - The execution of method closeApplication ended here ...
2021-06-14 18:06:13 INFO  .:166 - In Test Scenario CreateUser the method closeApplication execution status is :Pass
2021-06-14 18:06:13 INFO  .:180 - +++++++++++++++++++++++++++++++
2021-06-14 18:06:15 INFO  .:86 - The execution of method navigate started here ...
2021-06-14 18:06:22 INFO  .:98 - The execution of method navigate ended here ...
2021-06-14 18:06:22 INFO  .:166 - In Test Scenario ModifyUser the method navigate execution status is :Pass
2021-06-14 18:06:22 INFO  .:32 - The execution of method login started here ...
2021-06-14 18:06:28 INFO  .:50 - The execution of method login ended here ...
2021-06-14 18:06:28 INFO  .:166 - In Test Scenario ModifyUser the method login execution status is :Pass
2021-06-14 18:06:30 INFO  .:166 - In Test Scenario ModifyUser the method minimizeFlyOutWindow execution status is :Pass
2021-06-14 18:06:30 INFO  .:32 - The execution of method createUser started here ...
2021-06-14 18:06:40 INFO  .:60 - The execution of method createUser ended here ...
2021-06-14 18:06:40 INFO  .:166 - In Test Scenario ModifyUser the method createUser execution status is :Pass
2021-06-14 18:06:40 INFO  .:86 - The execution of method modifyUser started here ...
2021-06-14 18:06:50 INFO  .:106 - The execution of method modifyUser ended here ...
2021-06-14 18:06:50 INFO  .:166 - In Test Scenario ModifyUser the method modifyUser execution status is :Fail
2021-06-14 18:06:50 INFO  .:131 - The execution of method deleteUser started here ...
2021-06-14 18:06:59 INFO  .:147 - The execution of method deleteUser ended here ...
2021-06-14 18:06:59 INFO  .:166 - In Test Scenario ModifyUser the method deleteUser execution status is :Pass
2021-06-14 18:07:00 INFO  .:76 - The execution of method logout started here ...
2021-06-14 18:07:04 INFO  .:88 - The execution of method logout ended here ...
2021-06-14 18:07:04 INFO  .:166 - In Test Scenario ModifyUser the method logout execution status is :Pass
2021-06-14 18:07:04 INFO  .:121 - The execution of method closeApplication started here ...
2021-06-14 18:07:04 INFO  .:124 - The execution of method closeApplication ended here ...
2021-06-14 18:07:04 INFO  .:166 - In Test Scenario ModifyUser the method closeApplication execution status is :Pass
2021-06-14 18:07:04 INFO  .:180 - +++++++++++++++++++++++++++++++
2021-06-14 18:07:04 INFO  .:180 - +++++++++++++++++++++++++++++++
2021-06-14 18:07:04 INFO  .:180 - +++++++++++++++++++++++++++++++
2021-06-14 18:07:04 INFO  .:180 - +++++++++++++++++++++++++++++++
2021-06-14 18:07:04 INFO  .:180 - +++++++++++++++++++++++++++++++
2021-06-14 18:07:04 INFO  .:183 - The execution of method executeTestScenarios ended here ...
2021-06-14 18:07:04 INFO  .:205 - The execution of method endAutomationSuite ended here ...
2021-06-14 18:07:04 INFO  .:208 - The execution of method endAutomationSuite ended here ...
2021-06-14 18:39:31 INFO  .:69 - The execution of method loadFiles started here ...
2021-06-14 18:39:31 INFO  .:84 - The execution of method loadFiles ended here ...
2021-06-14 18:40:23 INFO  .:86 - The execution of method navigate started here ...
2021-06-14 18:41:55 INFO  .:69 - The execution of method loadFiles started here ...
2021-06-14 18:41:55 INFO  .:84 - The execution of method loadFiles ended here ...
2021-06-14 18:42:22 INFO  .:86 - The execution of method navigate started here ...
2021-06-14 18:42:34 INFO  .:98 - The execution of method navigate ended here ...
2021-06-14 18:42:41 INFO  .:166 - In Test Scenario Login the method navigate execution status is :Fail
2021-06-14 18:45:19 INFO  .:69 - The execution of method loadFiles started here ...
2021-06-14 18:45:19 INFO  .:84 - The execution of method loadFiles ended here ...
2021-06-14 18:45:57 INFO  .:86 - The execution of method navigate started here ...
2021-06-14 18:46:05 INFO  .:98 - The execution of method navigate ended here ...
2021-06-14 18:46:08 INFO  .:166 - In Test Scenario Login the method navigate execution status is :Fail
2021-06-14 18:46:08 INFO  .:32 - The execution of method login started here ...
2021-06-14 18:46:09 ERROR .:53 - there is an exception arised during the execution of the method login,The Exception :org.openqa.selenium.NoSuchElementException: no such element: Unable to locate element: {"method":"css selector","selector":"#username"}
  (Session info: chrome=91.0.4472.77)
For documentation on this error, please visit: https://www.seleniumhq.org/exceptions/no_such_element.html
Build info: version: '3.141.59', revision: 'e82be7d358', time: '2018-11-14T08:25:48'
System info: host: 'DESKTOP-L40GOVC', ip: '192.168.43.190', os.name: 'Windows 10', os.arch: 'amd64', os.version: '10.0', java.version: '1.8.0_281'
Driver info: org.openqa.selenium.chrome.ChromeDriver
Capabilities {acceptInsecureCerts: false, browserName: chrome, browserVersion: 91.0.4472.77, chrome: {chromedriverVersion: 90.0.4430.24 (4c6d850f087da..., userDataDir: C:\Users\Dell\AppData\Local...}, goog:chromeOptions: {debuggerAddress: localhost:61602}, javascriptEnabled: true, networkConnectionEnabled: false, pageLoadStrategy: normal, platform: WINDOWS, platformName: WINDOWS, proxy: Proxy(), setWindowRect: true, strictFileInteractability: false, timeouts: {implicit: 0, pageLoad: 300000, script: 30000}, unhandledPromptBehavior: dismiss and notify, webauthn:extension:largeBlob: true, webauthn:virtualAuthenticators: true}
Session ID: e11719a03bb0094b2b2659d8b4580f26
*** Element info: {Using=id, value=username}
2021-06-14 18:46:09 INFO  .:166 - In Test Scenario Login the method login execution status is :Fail
2021-06-14 18:46:11 INFO  .:166 - In Test Scenario Login the method minimizeFlyOutWindow execution status is :Fail
2021-06-14 18:46:11 INFO  .:76 - The execution of method logout started here ...
2021-06-14 18:46:12 ERROR .:91 - there is an exception arised during the execution of the method logout,The Exception :org.openqa.selenium.NoSuchElementException: no such element: Unable to locate element: {"method":"xpath","selector":"//a[text()='Logout']"}
  (Session info: chrome=91.0.4472.77)
For documentation on this error, please visit: https://www.seleniumhq.org/exceptions/no_such_element.html
Build info: version: '3.141.59', revision: 'e82be7d358', time: '2018-11-14T08:25:48'
System info: host: 'DESKTOP-L40GOVC', ip: '192.168.43.190', os.name: 'Windows 10', os.arch: 'amd64', os.version: '10.0', java.version: '1.8.0_281'
Driver info: org.openqa.selenium.chrome.ChromeDriver
Capabilities {acceptInsecureCerts: false, browserName: chrome, browserVersion: 91.0.4472.77, chrome: {chromedriverVersion: 90.0.4430.24 (4c6d850f087da..., userDataDir: C:\Users\Dell\AppData\Local...}, goog:chromeOptions: {debuggerAddress: localhost:61602}, javascriptEnabled: true, networkConnectionEnabled: false, pageLoadStrategy: normal, platform: WINDOWS, platformName: WINDOWS, proxy: Proxy(), setWindowRect: true, strictFileInteractability: false, timeouts: {implicit: 0, pageLoad: 300000, script: 30000}, unhandledPromptBehavior: dismiss and notify, webauthn:extension:largeBlob: true, webauthn:virtualAuthenticators: true}
Session ID: e11719a03bb0094b2b2659d8b4580f26
*** Element info: {Using=xpath, value=//a[text()='Logout']}
2021-06-14 18:46:12 INFO  .:166 - In Test Scenario Login the method logout execution status is :Fail
2021-06-14 18:46:13 INFO  .:121 - The execution of method closeApplication started here ...
2021-06-14 18:52:14 INFO  .:69 - The execution of method loadFiles started here ...
2021-06-14 18:52:14 INFO  .:84 - The execution of method loadFiles ended here ...
2021-06-14 18:52:42 INFO  .:86 - The execution of method navigate started here ...
2021-06-14 18:53:11 INFO  .:98 - The execution of method navigate ended here ...
2021-06-14 18:53:11 INFO  .:166 - In Test Scenario Login the method navigate execution status is :Pass
2021-06-14 18:53:12 INFO  .:32 - The execution of method login started here ...
2021-06-14 18:53:27 INFO  .:50 - The execution of method login ended here ...
2021-06-14 18:53:32 INFO  .:166 - In Test Scenario Login the method login execution status is :Fail
2021-06-14 18:54:26 INFO  .:166 - In Test Scenario Login the method minimizeFlyOutWindow execution status is :Pass
2021-06-14 18:54:26 INFO  .:76 - The execution of method logout started here ...
2021-06-14 18:54:32 INFO  .:88 - The execution of method logout ended here ...
2021-06-14 18:54:32 INFO  .:166 - In Test Scenario Login the method logout execution status is :Pass
2021-06-14 18:54:32 INFO  .:121 - The execution of method closeApplication started here ...
2021-06-14 18:54:33 INFO  .:124 - The execution of method closeApplication ended here ...
2021-06-14 18:54:33 INFO  .:166 - In Test Scenario Login the method closeApplication execution status is :Pass
2021-06-14 18:54:33 INFO  .:180 - +++++++++++++++++++++++++++++++
2021-06-14 18:54:46 INFO  .:86 - The execution of method navigate started here ...
2021-06-14 18:55:00 INFO  .:98 - The execution of method navigate ended here ...
2021-06-14 18:55:00 INFO  .:166 - In Test Scenario CreateUser the method navigate execution status is :Pass
2021-06-14 18:55:00 INFO  .:32 - The execution of method login started here ...
2021-06-14 18:55:06 INFO  .:50 - The execution of method login ended here ...
2021-06-14 18:55:06 INFO  .:166 - In Test Scenario CreateUser the method login execution status is :Pass
2021-06-14 18:55:08 INFO  .:166 - In Test Scenario CreateUser the method minimizeFlyOutWindow execution status is :Pass
2021-06-14 18:55:09 INFO  .:32 - The execution of method createUser started here ...
2021-06-14 18:55:49 ERROR .:63 - there is an exception arised during the execution of the method createUser,The Exception :org.openqa.selenium.ElementNotInteractableException: element not interactable
  (Session info: chrome=91.0.4472.77)
Build info: version: '3.141.59', revision: 'e82be7d358', time: '2018-11-14T08:25:48'
System info: host: 'DESKTOP-L40GOVC', ip: '192.168.43.190', os.name: 'Windows 10', os.arch: 'amd64', os.version: '10.0', java.version: '1.8.0_281'
Driver info: org.openqa.selenium.chrome.ChromeDriver
Capabilities {acceptInsecureCerts: false, browserName: chrome, browserVersion: 91.0.4472.77, chrome: {chromedriverVersion: 90.0.4430.24 (4c6d850f087da..., userDataDir: C:\Users\Dell\AppData\Local...}, goog:chromeOptions: {debuggerAddress: localhost:57342}, javascriptEnabled: true, networkConnectionEnabled: false, pageLoadStrategy: normal, platform: WINDOWS, platformName: WINDOWS, proxy: Proxy(), setWindowRect: true, strictFileInteractability: false, timeouts: {implicit: 0, pageLoad: 300000, script: 30000}, unhandledPromptBehavior: dismiss and notify, webauthn:extension:largeBlob: true, webauthn:virtualAuthenticators: true}
Session ID: f3e72791752f7d8034e6ba724a63db95
2021-06-14 18:55:49 INFO  .:166 - In Test Scenario CreateUser the method createUser execution status is :Fail
2021-06-14 18:55:49 INFO  .:131 - The execution of method deleteUser started here ...
2021-06-14 18:55:49 ERROR .:150 - there is an exception arised during the execution of the method deleteUser,The Exception :org.openqa.selenium.NoSuchElementException: no such element: Unable to locate element: {"method":"xpath","selector":"//span[text()='User1, Test']"}
  (Session info: chrome=91.0.4472.77)
For documentation on this error, please visit: https://www.seleniumhq.org/exceptions/no_such_element.html
Build info: version: '3.141.59', revision: 'e82be7d358', time: '2018-11-14T08:25:48'
System info: host: 'DESKTOP-L40GOVC', ip: '192.168.43.190', os.name: 'Windows 10', os.arch: 'amd64', os.version: '10.0', java.version: '1.8.0_281'
Driver info: org.openqa.selenium.chrome.ChromeDriver
Capabilities {acceptInsecureCerts: false, browserName: chrome, browserVersion: 91.0.4472.77, chrome: {chromedriverVersion: 90.0.4430.24 (4c6d850f087da..., userDataDir: C:\Users\Dell\AppData\Local...}, goog:chromeOptions: {debuggerAddress: localhost:57342}, javascriptEnabled: true, networkConnectionEnabled: false, pageLoadStrategy: normal, platform: WINDOWS, platformName: WINDOWS, proxy: Proxy(), setWindowRect: true, strictFileInteractability: false, timeouts: {implicit: 0, pageLoad: 300000, script: 30000}, unhandledPromptBehavior: dismiss and notify, webauthn:extension:largeBlob: true, webauthn:virtualAuthenticators: true}
Session ID: f3e72791752f7d8034e6ba724a63db95
*** Element info: {Using=xpath, value=//span[text()='User1, Test']}
2021-06-14 18:55:49 INFO  .:166 - In Test Scenario CreateUser the method deleteUser execution status is :Fail
2021-06-14 18:55:49 INFO  .:76 - The execution of method logout started here ...
2021-06-14 18:55:50 ERROR .:91 - there is an exception arised during the execution of the method logout,The Exception :org.openqa.selenium.ElementClickInterceptedException: element click intercepted: Element <a href="/logout.do" id="logoutLink" class="logout">...</a> is not clickable at point (1303, 17). Other element would receive the click: <img src="/img/default/dialogs/exitconfirm/shade.png?hash=1388610907" id="muar" style="display: block;">
  (Session info: chrome=91.0.4472.77)
Build info: version: '3.141.59', revision: 'e82be7d358', time: '2018-11-14T08:25:48'
System info: host: 'DESKTOP-L40GOVC', ip: '192.168.43.190', os.name: 'Windows 10', os.arch: 'amd64', os.version: '10.0', java.version: '1.8.0_281'
Driver info: org.openqa.selenium.chrome.ChromeDriver
Capabilities {acceptInsecureCerts: false, browserName: chrome, browserVersion: 91.0.4472.77, chrome: {chromedriverVersion: 90.0.4430.24 (4c6d850f087da..., userDataDir: C:\Users\Dell\AppData\Local...}, goog:chromeOptions: {debuggerAddress: localhost:57342}, javascriptEnabled: true, networkConnectionEnabled: false, pageLoadStrategy: normal, platform: WINDOWS, platformName: WINDOWS, proxy: Proxy(), setWindowRect: true, strictFileInteractability: false, timeouts: {implicit: 0, pageLoad: 300000, script: 30000}, unhandledPromptBehavior: dismiss and notify, webauthn:extension:largeBlob: true, webauthn:virtualAuthenticators: true}
Session ID: f3e72791752f7d8034e6ba724a63db95
2021-06-14 18:55:51 INFO  .:166 - In Test Scenario CreateUser the method logout execution status is :Fail
2021-06-14 18:55:51 INFO  .:121 - The execution of method closeApplication started here ...
2021-06-14 18:55:53 INFO  .:124 - The execution of method closeApplication ended here ...
2021-06-14 18:55:53 INFO  .:166 - In Test Scenario CreateUser the method closeApplication execution status is :Pass
2021-06-14 18:55:53 INFO  .:180 - +++++++++++++++++++++++++++++++
2021-06-14 18:56:08 INFO  .:86 - The execution of method navigate started here ...
2021-06-14 18:56:20 INFO  .:98 - The execution of method navigate ended here ...
2021-06-14 18:56:20 INFO  .:166 - In Test Scenario ModifyUser the method navigate execution status is :Pass
2021-06-14 18:56:20 INFO  .:32 - The execution of method login started here ...
2021-06-14 18:56:26 INFO  .:50 - The execution of method login ended here ...
2021-06-14 18:56:26 INFO  .:166 - In Test Scenario ModifyUser the method login execution status is :Pass
2021-06-14 18:56:28 INFO  .:166 - In Test Scenario ModifyUser the method minimizeFlyOutWindow execution status is :Pass
2021-06-14 18:56:29 INFO  .:32 - The execution of method createUser started here ...
2021-06-14 18:56:45 INFO  .:60 - The execution of method createUser ended here ...
2021-06-14 18:56:46 INFO  .:166 - In Test Scenario ModifyUser the method createUser execution status is :Pass
2021-06-14 18:56:46 INFO  .:86 - The execution of method modifyUser started here ...
2021-06-14 18:56:55 INFO  .:106 - The execution of method modifyUser ended here ...
2021-06-14 18:56:55 INFO  .:166 - In Test Scenario ModifyUser the method modifyUser execution status is :Fail
2021-06-14 18:56:55 INFO  .:131 - The execution of method deleteUser started here ...
2021-06-14 18:57:05 INFO  .:147 - The execution of method deleteUser ended here ...
2021-06-14 18:57:05 INFO  .:166 - In Test Scenario ModifyUser the method deleteUser execution status is :Pass
2021-06-14 18:57:05 INFO  .:76 - The execution of method logout started here ...
2021-06-14 18:57:10 INFO  .:88 - The execution of method logout ended here ...
2021-06-14 18:57:10 INFO  .:166 - In Test Scenario ModifyUser the method logout execution status is :Pass
2021-06-14 18:57:10 INFO  .:121 - The execution of method closeApplication started here ...
2021-06-14 18:57:10 INFO  .:124 - The execution of method closeApplication ended here ...
2021-06-14 18:57:10 INFO  .:166 - In Test Scenario ModifyUser the method closeApplication execution status is :Pass
2021-06-14 18:57:10 INFO  .:180 - +++++++++++++++++++++++++++++++
2021-06-14 18:57:11 INFO  .:180 - +++++++++++++++++++++++++++++++
2021-06-14 18:57:11 INFO  .:180 - +++++++++++++++++++++++++++++++
2021-06-14 18:57:11 INFO  .:180 - +++++++++++++++++++++++++++++++
2021-06-14 18:57:11 INFO  .:180 - +++++++++++++++++++++++++++++++
2021-06-14 18:57:11 INFO  .:183 - The execution of method executeTestScenarios ended here ...
2021-06-14 18:57:12 INFO  .:205 - The execution of method endAutomationSuite ended here ...
2021-06-14 18:57:14 INFO  .:208 - The execution of method endAutomationSuite ended here ...
